{"/Users/mirkovitale/Desktop/task/task-tracker-fe/constants/theme.ts": {"path":"/Users/mirkovitale/Desktop/task/task-tracker-fe/constants/theme.ts","statementMap":{"0":{"start":{"line":1,"column":13},"end":{"line":57,"column":11}},"1":{"start":{"line":60,"column":13},"end":{"line":68,"column":11}},"2":{"start":{"line":71,"column":13},"end":{"line":94,"column":11}},"3":{"start":{"line":96,"column":13},"end":{"line":105,"column":11}},"4":{"start":{"line":107,"column":13},"end":{"line":143,"column":11}}},"fnMap":{},"branchMap":{},"s":{"0":0,"1":0,"2":0,"3":0,"4":0},"f":{},"b":{}}
,"/Users/mirkovitale/Desktop/task/task-tracker-fe/state/actions/TaskAction.ts": {"path":"/Users/mirkovitale/Desktop/task/task-tracker-fe/state/actions/TaskAction.ts","statementMap":{"0":{"start":{"line":14,"column":13},"end":{"line":58,"column":2}},"1":{"start":{"line":15,"column":49},"end":{"line":18,"column":4}},"2":{"start":{"line":20,"column":55},"end":{"line":23,"column":4}},"3":{"start":{"line":25,"column":51},"end":{"line":28,"column":4}},"4":{"start":{"line":30,"column":44},"end":{"line":33,"column":4}},"5":{"start":{"line":35,"column":40},"end":{"line":38,"column":4}},"6":{"start":{"line":40,"column":43},"end":{"line":43,"column":4}},"7":{"start":{"line":45,"column":45},"end":{"line":48,"column":4}},"8":{"start":{"line":50,"column":43},"end":{"line":53,"column":4}},"9":{"start":{"line":55,"column":33},"end":{"line":57,"column":4}}},"fnMap":{"0":{"name":"(anonymous_0)","decl":{"start":{"line":15,"column":14},"end":{"line":15,"column":15}},"loc":{"start":{"line":15,"column":49},"end":{"line":18,"column":4}}},"1":{"name":"(anonymous_1)","decl":{"start":{"line":20,"column":17},"end":{"line":20,"column":18}},"loc":{"start":{"line":20,"column":55},"end":{"line":23,"column":4}}},"2":{"name":"(anonymous_2)","decl":{"start":{"line":25,"column":12},"end":{"line":25,"column":13}},"loc":{"start":{"line":25,"column":51},"end":{"line":28,"column":4}}},"3":{"name":"(anonymous_3)","decl":{"start":{"line":30,"column":12},"end":{"line":30,"column":13}},"loc":{"start":{"line":30,"column":44},"end":{"line":33,"column":4}}},"4":{"name":"(anonymous_4)","decl":{"start":{"line":35,"column":11},"end":{"line":35,"column":12}},"loc":{"start":{"line":35,"column":40},"end":{"line":38,"column":4}}},"5":{"name":"(anonymous_5)","decl":{"start":{"line":40,"column":14},"end":{"line":40,"column":15}},"loc":{"start":{"line":40,"column":43},"end":{"line":43,"column":4}}},"6":{"name":"(anonymous_6)","decl":{"start":{"line":45,"column":16},"end":{"line":45,"column":17}},"loc":{"start":{"line":45,"column":45},"end":{"line":48,"column":4}}},"7":{"name":"(anonymous_7)","decl":{"start":{"line":50,"column":14},"end":{"line":50,"column":15}},"loc":{"start":{"line":50,"column":43},"end":{"line":53,"column":4}}},"8":{"name":"(anonymous_8)","decl":{"start":{"line":55,"column":14},"end":{"line":55,"column":29}},"loc":{"start":{"line":55,"column":33},"end":{"line":57,"column":4}}}},"branchMap":{},"s":{"0":0,"1":0,"2":0,"3":0,"4":0,"5":0,"6":0,"7":0,"8":0,"9":0},"f":{"0":0,"1":0,"2":0,"3":0,"4":0,"5":0,"6":0,"7":0,"8":0},"b":{}}
,"/Users/mirkovitale/Desktop/task/task-tracker-fe/state/reducers/TaskReducer.ts": {"path":"/Users/mirkovitale/Desktop/task/task-tracker-fe/state/reducers/TaskReducer.ts","statementMap":{"0":{"start":{"line":13,"column":13},"end":{"line":18,"column":2}},"1":{"start":{"line":21,"column":27},"end":{"line":99,"column":1}},"2":{"start":{"line":22,"column":2},"end":{"line":98,"column":3}},"3":{"start":{"line":24,"column":6},"end":{"line":28,"column":8}},"4":{"start":{"line":31,"column":6},"end":{"line":34,"column":8}},"5":{"start":{"line":37,"column":6},"end":{"line":42,"column":8}},"6":{"start":{"line":45,"column":6},"end":{"line":51,"column":8}},"7":{"start":{"line":54,"column":6},"end":{"line":59,"column":8}},"8":{"start":{"line":62,"column":6},"end":{"line":71,"column":8}},"9":{"start":{"line":65,"column":10},"end":{"line":67,"column":18}},"10":{"start":{"line":74,"column":6},"end":{"line":83,"column":8}},"11":{"start":{"line":77,"column":10},"end":{"line":79,"column":18}},"12":{"start":{"line":86,"column":6},"end":{"line":91,"column":8}},"13":{"start":{"line":88,"column":42},"end":{"line":88,"column":68}},"14":{"start":{"line":94,"column":6},"end":{"line":94,"column":30}},"15":{"start":{"line":97,"column":6},"end":{"line":97,"column":19}},"16":{"start":{"line":21,"column":13},"end":{"line":21,"column":27}}},"fnMap":{"0":{"name":"(anonymous_0)","decl":{"start":{"line":21,"column":27},"end":{"line":21,"column":28}},"loc":{"start":{"line":21,"column":79},"end":{"line":99,"column":1}}},"1":{"name":"(anonymous_1)","decl":{"start":{"line":64,"column":31},"end":{"line":64,"column":35}},"loc":{"start":{"line":65,"column":10},"end":{"line":67,"column":18}}},"2":{"name":"(anonymous_2)","decl":{"start":{"line":76,"column":31},"end":{"line":76,"column":35}},"loc":{"start":{"line":77,"column":10},"end":{"line":79,"column":18}}},"3":{"name":"(anonymous_3)","decl":{"start":{"line":88,"column":34},"end":{"line":88,"column":38}},"loc":{"start":{"line":88,"column":42},"end":{"line":88,"column":68}}}},"branchMap":{"0":{"loc":{"start":{"line":22,"column":2},"end":{"line":98,"column":3}},"type":"switch","locations":[{"start":{"line":23,"column":4},"end":{"line":28,"column":8}},{"start":{"line":30,"column":4},"end":{"line":34,"column":8}},{"start":{"line":36,"column":4},"end":{"line":42,"column":8}},{"start":{"line":44,"column":4},"end":{"line":51,"column":8}},{"start":{"line":53,"column":4},"end":{"line":59,"column":8}},{"start":{"line":61,"column":4},"end":{"line":71,"column":8}},{"start":{"line":73,"column":4},"end":{"line":83,"column":8}},{"start":{"line":85,"column":4},"end":{"line":91,"column":8}},{"start":{"line":93,"column":4},"end":{"line":94,"column":30}},{"start":{"line":96,"column":4},"end":{"line":97,"column":19}}]},"1":{"loc":{"start":{"line":27,"column":15},"end":{"line":27,"column":50}},"type":"cond-expr","locations":[{"start":{"line":27,"column":32},"end":{"line":27,"column":36}},{"start":{"line":27,"column":39},"end":{"line":27,"column":50}}]},"2":{"loc":{"start":{"line":65,"column":10},"end":{"line":67,"column":18}},"type":"cond-expr","locations":[{"start":{"line":66,"column":14},"end":{"line":66,"column":28}},{"start":{"line":67,"column":14},"end":{"line":67,"column":18}}]},"3":{"loc":{"start":{"line":77,"column":10},"end":{"line":79,"column":18}},"type":"cond-expr","locations":[{"start":{"line":78,"column":14},"end":{"line":78,"column":42}},{"start":{"line":79,"column":14},"end":{"line":79,"column":18}}]}},"s":{"0":0,"1":0,"2":0,"3":0,"4":0,"5":0,"6":0,"7":0,"8":0,"9":0,"10":0,"11":0,"12":0,"13":0,"14":0,"15":0,"16":0},"f":{"0":0,"1":0,"2":0,"3":0},"b":{"0":[0,0,0,0,0,0,0,0,0,0],"1":[0,0],"2":[0,0],"3":[0,0]}}
,"/Users/mirkovitale/Desktop/task/task-tracker-fe/utils/factory/ServiceFactory.ts": {"path":"/Users/mirkovitale/Desktop/task/task-tracker-fe/utils/factory/ServiceFactory.ts","statementMap":{"0":{"start":{"line":2,"column":0},"end":{"line":2,"column":70}},"1":{"start":{"line":3,"column":0},"end":{"line":3,"column":61}},"2":{"start":{"line":6,"column":21},"end":{"line":6,"column":44}},"3":{"start":{"line":10,"column":50},"end":{"line":10,"column":54}},"4":{"start":{"line":15,"column":4},"end":{"line":17,"column":5}},"5":{"start":{"line":16,"column":6},"end":{"line":16,"column":53}},"6":{"start":{"line":18,"column":4},"end":{"line":18,"column":35}},"7":{"start":{"line":22,"column":4},"end":{"line":25,"column":5}},"8":{"start":{"line":23,"column":25},"end":{"line":23,"column":58}},"9":{"start":{"line":24,"column":6},"end":{"line":24,"column":63}},"10":{"start":{"line":26,"column":4},"end":{"line":26,"column":31}},"11":{"start":{"line":30,"column":0},"end":{"line":30,"column":30}}},"fnMap":{"0":{"name":"(anonymous_0)","decl":{"start":{"line":12,"column":2},"end":{"line":12,"column":25}},"loc":{"start":{"line":12,"column":2},"end":{"line":12,"column":26}}},"1":{"name":"(anonymous_1)","decl":{"start":{"line":14,"column":9},"end":{"line":14,"column":15}},"loc":{"start":{"line":14,"column":27},"end":{"line":19,"column":3}}},"2":{"name":"(anonymous_2)","decl":{"start":{"line":21,"column":9},"end":{"line":21,"column":26}},"loc":{"start":{"line":21,"column":26},"end":{"line":27,"column":3}}}},"branchMap":{"0":{"loc":{"start":{"line":15,"column":4},"end":{"line":17,"column":5}},"type":"if","locations":[{"start":{"line":15,"column":4},"end":{"line":17,"column":5}},{"start":{},"end":{}}]},"1":{"loc":{"start":{"line":22,"column":4},"end":{"line":25,"column":5}},"type":"if","locations":[{"start":{"line":22,"column":4},"end":{"line":25,"column":5}},{"start":{},"end":{}}]}},"s":{"0":0,"1":0,"2":0,"3":0,"4":0,"5":0,"6":0,"7":0,"8":0,"9":0,"10":0,"11":0},"f":{"0":0,"1":0,"2":0},"b":{"0":[0,0],"1":[0,0]}}
,"/Users/mirkovitale/Desktop/task/task-tracker-fe/utils/network/AxiosHttpClient.ts": {"path":"/Users/mirkovitale/Desktop/task/task-tracker-fe/utils/network/AxiosHttpClient.ts","statementMap":{"0":{"start":{"line":2,"column":0},"end":{"line":2,"column":59}},"1":{"start":{"line":7,"column":32},"end":{"line":7,"column":36}},"2":{"start":{"line":10,"column":4},"end":{"line":10,"column":19}},"3":{"start":{"line":11,"column":4},"end":{"line":11,"column":28}},"4":{"start":{"line":12,"column":4},"end":{"line":12,"column":25}},"5":{"start":{"line":14,"column":4},"end":{"line":16,"column":5}},"6":{"start":{"line":15,"column":6},"end":{"line":15,"column":47}},"7":{"start":{"line":20,"column":4},"end":{"line":20,"column":51}},"8":{"start":{"line":24,"column":4},"end":{"line":24,"column":51}},"9":{"start":{"line":28,"column":4},"end":{"line":28,"column":29}},"10":{"start":{"line":32,"column":4},"end":{"line":32,"column":31}},"11":{"start":{"line":36,"column":4},"end":{"line":36,"column":31}},"12":{"start":{"line":40,"column":4},"end":{"line":40,"column":31}},"13":{"start":{"line":5,"column":0},"end":{"line":5,"column":13}},"14":{"start":{"line":55,"column":4},"end":{"line":55,"column":74}},"15":{"start":{"line":56,"column":4},"end":{"line":56,"column":27}},"16":{"start":{"line":57,"column":4},"end":{"line":61,"column":6}},"17":{"start":{"line":65,"column":4},"end":{"line":65,"column":51}},"18":{"start":{"line":69,"column":4},"end":{"line":72,"column":7}},"19":{"start":{"line":76,"column":4},"end":{"line":79,"column":7}},"20":{"start":{"line":83,"column":4},"end":{"line":83,"column":54}},"21":{"start":{"line":87,"column":4},"end":{"line":90,"column":7}},"22":{"start":{"line":94,"column":16},"end":{"line":94,"column":39}},"23":{"start":{"line":96,"column":32},"end":{"line":102,"column":6}},"24":{"start":{"line":104,"column":23},"end":{"line":104,"column":44}},"25":{"start":{"line":105,"column":22},"end":{"line":105,"column":72}},"26":{"start":{"line":105,"column":39},"end":{"line":105,"column":57}},"27":{"start":{"line":107,"column":4},"end":{"line":143,"column":5}},"28":{"start":{"line":108,"column":6},"end":{"line":108,"column":48}},"29":{"start":{"line":110,"column":23},"end":{"line":113,"column":8}},"30":{"start":{"line":115,"column":6},"end":{"line":115,"column":30}},"31":{"start":{"line":117,"column":6},"end":{"line":120,"column":7}},"32":{"start":{"line":118,"column":29},"end":{"line":118,"column":69}},"33":{"start":{"line":119,"column":8},"end":{"line":119,"column":59}},"34":{"start":{"line":122,"column":26},"end":{"line":122,"column":62}},"35":{"start":{"line":123,"column":6},"end":{"line":127,"column":7}},"36":{"start":{"line":124,"column":8},"end":{"line":124,"column":37}},"37":{"start":{"line":126,"column":8},"end":{"line":126,"column":23}},"38":{"start":{"line":129,"column":6},"end":{"line":129,"column":30}},"39":{"start":{"line":131,"column":6},"end":{"line":133,"column":7}},"40":{"start":{"line":132,"column":8},"end":{"line":132,"column":20}},"41":{"start":{"line":135,"column":6},"end":{"line":140,"column":7}},"42":{"start":{"line":136,"column":8},"end":{"line":138,"column":9}},"43":{"start":{"line":137,"column":10},"end":{"line":137,"column":85}},"44":{"start":{"line":139,"column":8},"end":{"line":139,"column":46}},"45":{"start":{"line":142,"column":6},"end":{"line":142,"column":61}},"46":{"start":{"line":147,"column":26},"end":{"line":147,"column":78}},"47":{"start":{"line":148,"column":4},"end":{"line":148,"column":45}},"48":{"start":{"line":152,"column":4},"end":{"line":164,"column":5}},"49":{"start":{"line":153,"column":26},"end":{"line":153,"column":62}},"50":{"start":{"line":155,"column":6},"end":{"line":161,"column":7}},"51":{"start":{"line":156,"column":26},"end":{"line":156,"column":47}},"52":{"start":{"line":157,"column":8},"end":{"line":157,"column":105}},"53":{"start":{"line":159,"column":26},"end":{"line":159,"column":47}},"54":{"start":{"line":160,"column":8},"end":{"line":160,"column":78}},"55":{"start":{"line":163,"column":6},"end":{"line":163,"column":63}},"56":{"start":{"line":45,"column":0},"end":{"line":45,"column":13}},"57":{"start":{"line":179,"column":4},"end":{"line":187,"column":7}},"58":{"start":{"line":189,"column":4},"end":{"line":189,"column":29}},"59":{"start":{"line":193,"column":21},"end":{"line":193,"column":57}},"60":{"start":{"line":194,"column":4},"end":{"line":194,"column":25}},"61":{"start":{"line":198,"column":21},"end":{"line":198,"column":64}},"62":{"start":{"line":199,"column":4},"end":{"line":199,"column":25}},"63":{"start":{"line":203,"column":21},"end":{"line":203,"column":63}},"64":{"start":{"line":204,"column":4},"end":{"line":204,"column":25}},"65":{"start":{"line":208,"column":21},"end":{"line":208,"column":60}},"66":{"start":{"line":209,"column":4},"end":{"line":209,"column":25}},"67":{"start":{"line":213,"column":21},"end":{"line":213,"column":65}},"68":{"start":{"line":214,"column":4},"end":{"line":214,"column":25}},"69":{"start":{"line":219,"column":4},"end":{"line":219,"column":74}},"70":{"start":{"line":223,"column":4},"end":{"line":223,"column":61}},"71":{"start":{"line":228,"column":4},"end":{"line":237,"column":6}},"72":{"start":{"line":230,"column":8},"end":{"line":230,"column":89}},"73":{"start":{"line":231,"column":8},"end":{"line":231,"column":22}},"74":{"start":{"line":234,"column":8},"end":{"line":234,"column":50}},"75":{"start":{"line":235,"column":8},"end":{"line":235,"column":37}},"76":{"start":{"line":240,"column":4},"end":{"line":258,"column":6}},"77":{"start":{"line":242,"column":8},"end":{"line":242,"column":108}},"78":{"start":{"line":243,"column":8},"end":{"line":243,"column":24}},"79":{"start":{"line":246,"column":8},"end":{"line":256,"column":9}},"80":{"start":{"line":247,"column":26},"end":{"line":250,"column":86}},"81":{"start":{"line":251,"column":10},"end":{"line":251,"column":62}},"82":{"start":{"line":252,"column":15},"end":{"line":256,"column":9}},"83":{"start":{"line":253,"column":10},"end":{"line":253,"column":81}},"84":{"start":{"line":255,"column":10},"end":{"line":255,"column":82}},"85":{"start":{"line":171,"column":0},"end":{"line":171,"column":13}}},"fnMap":{"0":{"name":"(anonymous_1)","decl":{"start":{"line":9,"column":2},"end":{"line":9,"column":14}},"loc":{"start":{"line":9,"column":45},"end":{"line":17,"column":3}}},"1":{"name":"(anonymous_2)","decl":{"start":{"line":19,"column":2},"end":{"line":19,"column":6}},"loc":{"start":{"line":19,"column":19},"end":{"line":21,"column":3}}},"2":{"name":"(anonymous_3)","decl":{"start":{"line":23,"column":2},"end":{"line":23,"column":6}},"loc":{"start":{"line":23,"column":19},"end":{"line":25,"column":3}}},"3":{"name":"(anonymous_4)","decl":{"start":{"line":27,"column":2},"end":{"line":27,"column":6}},"loc":{"start":{"line":27,"column":20},"end":{"line":29,"column":3}}},"4":{"name":"(anonymous_5)","decl":{"start":{"line":31,"column":2},"end":{"line":31,"column":6}},"loc":{"start":{"line":31,"column":15},"end":{"line":33,"column":3}}},"5":{"name":"(anonymous_6)","decl":{"start":{"line":35,"column":2},"end":{"line":35,"column":6}},"loc":{"start":{"line":35,"column":20},"end":{"line":37,"column":3}}},"6":{"name":"(anonymous_7)","decl":{"start":{"line":39,"column":2},"end":{"line":39,"column":6}},"loc":{"start":{"line":39,"column":16},"end":{"line":41,"column":3}}},"7":{"name":"(anonymous_8)","decl":{"start":{"line":50,"column":2},"end":{"line":50,"column":null}},"loc":{"start":{"line":53,"column":47},"end":{"line":62,"column":3}}},"8":{"name":"(anonymous_9)","decl":{"start":{"line":64,"column":2},"end":{"line":64,"column":7}},"loc":{"start":{"line":64,"column":26},"end":{"line":66,"column":3}}},"9":{"name":"(anonymous_10)","decl":{"start":{"line":68,"column":2},"end":{"line":68,"column":7}},"loc":{"start":{"line":68,"column":38},"end":{"line":73,"column":3}}},"10":{"name":"(anonymous_11)","decl":{"start":{"line":75,"column":2},"end":{"line":75,"column":7}},"loc":{"start":{"line":75,"column":38},"end":{"line":80,"column":3}}},"11":{"name":"(anonymous_12)","decl":{"start":{"line":82,"column":2},"end":{"line":82,"column":7}},"loc":{"start":{"line":82,"column":29},"end":{"line":84,"column":3}}},"12":{"name":"(anonymous_13)","decl":{"start":{"line":86,"column":2},"end":{"line":86,"column":7}},"loc":{"start":{"line":86,"column":39},"end":{"line":91,"column":3}}},"13":{"name":"(anonymous_14)","decl":{"start":{"line":93,"column":10},"end":{"line":93,"column":15}},"loc":{"start":{"line":93,"column":65},"end":{"line":144,"column":3}}},"14":{"name":"(anonymous_15)","decl":{"start":{"line":105,"column":33},"end":{"line":105,"column":36}},"loc":{"start":{"line":105,"column":39},"end":{"line":105,"column":57}}},"15":{"name":"(anonymous_16)","decl":{"start":{"line":146,"column":10},"end":{"line":146,"column":18}},"loc":{"start":{"line":146,"column":35},"end":{"line":149,"column":3}}},"16":{"name":"(anonymous_17)","decl":{"start":{"line":151,"column":10},"end":{"line":151,"column":15}},"loc":{"start":{"line":151,"column":54},"end":{"line":165,"column":3}}},"17":{"name":"(anonymous_18)","decl":{"start":{"line":174,"column":2},"end":{"line":174,"column":null}},"loc":{"start":{"line":177,"column":47},"end":{"line":190,"column":3}}},"18":{"name":"(anonymous_19)","decl":{"start":{"line":192,"column":2},"end":{"line":192,"column":7}},"loc":{"start":{"line":192,"column":26},"end":{"line":195,"column":3}}},"19":{"name":"(anonymous_20)","decl":{"start":{"line":197,"column":2},"end":{"line":197,"column":7}},"loc":{"start":{"line":197,"column":38},"end":{"line":200,"column":3}}},"20":{"name":"(anonymous_21)","decl":{"start":{"line":202,"column":2},"end":{"line":202,"column":7}},"loc":{"start":{"line":202,"column":38},"end":{"line":205,"column":3}}},"21":{"name":"(anonymous_22)","decl":{"start":{"line":207,"column":2},"end":{"line":207,"column":7}},"loc":{"start":{"line":207,"column":29},"end":{"line":210,"column":3}}},"22":{"name":"(anonymous_23)","decl":{"start":{"line":212,"column":2},"end":{"line":212,"column":7}},"loc":{"start":{"line":212,"column":39},"end":{"line":215,"column":3}}},"23":{"name":"(anonymous_24)","decl":{"start":{"line":218,"column":2},"end":{"line":218,"column":14}},"loc":{"start":{"line":218,"column":28},"end":{"line":220,"column":3}}},"24":{"name":"(anonymous_25)","decl":{"start":{"line":222,"column":2},"end":{"line":222,"column":16}},"loc":{"start":{"line":222,"column":16},"end":{"line":224,"column":3}}},"25":{"name":"(anonymous_26)","decl":{"start":{"line":226,"column":10},"end":{"line":226,"column":27}},"loc":{"start":{"line":226,"column":27},"end":{"line":259,"column":3}}},"26":{"name":"(anonymous_27)","decl":{"start":{"line":229,"column":6},"end":{"line":229,"column":7}},"loc":{"start":{"line":229,"column":17},"end":{"line":232,"column":7}}},"27":{"name":"(anonymous_28)","decl":{"start":{"line":233,"column":6},"end":{"line":233,"column":7}},"loc":{"start":{"line":233,"column":16},"end":{"line":236,"column":7}}},"28":{"name":"(anonymous_29)","decl":{"start":{"line":241,"column":6},"end":{"line":241,"column":7}},"loc":{"start":{"line":241,"column":34},"end":{"line":244,"column":7}}},"29":{"name":"(anonymous_30)","decl":{"start":{"line":245,"column":6},"end":{"line":245,"column":7}},"loc":{"start":{"line":245,"column":16},"end":{"line":257,"column":7}}}},"branchMap":{"0":{"loc":{"start":{"line":14,"column":4},"end":{"line":16,"column":5}},"type":"if","locations":[{"start":{"line":14,"column":4},"end":{"line":16,"column":5}},{"start":{},"end":{}}]},"1":{"loc":{"start":{"line":20,"column":11},"end":{"line":20,"column":50}},"type":"binary-expr","locations":[{"start":{"line":20,"column":11},"end":{"line":20,"column":29}},{"start":{"line":20,"column":33},"end":{"line":20,"column":50}}]},"2":{"loc":{"start":{"line":24,"column":11},"end":{"line":24,"column":50}},"type":"binary-expr","locations":[{"start":{"line":24,"column":11},"end":{"line":24,"column":29}},{"start":{"line":24,"column":33},"end":{"line":24,"column":50}}]},"3":{"loc":{"start":{"line":52,"column":4},"end":{"line":52,"column":27}},"type":"default-arg","locations":[{"start":{"line":52,"column":22},"end":{"line":52,"column":27}}]},"4":{"loc":{"start":{"line":53,"column":4},"end":{"line":53,"column":47}},"type":"default-arg","locations":[{"start":{"line":53,"column":45},"end":{"line":53,"column":47}}]},"5":{"loc":{"start":{"line":55,"column":19},"end":{"line":55,"column":73}},"type":"cond-expr","locations":[{"start":{"line":55,"column":43},"end":{"line":55,"column":63}},{"start":{"line":55,"column":66},"end":{"line":55,"column":73}}]},"6":{"loc":{"start":{"line":78,"column":12},"end":{"line":78,"column":51}},"type":"cond-expr","locations":[{"start":{"line":78,"column":19},"end":{"line":78,"column":39}},{"start":{"line":78,"column":42},"end":{"line":78,"column":51}}]},"7":{"loc":{"start":{"line":117,"column":6},"end":{"line":120,"column":7}},"type":"if","locations":[{"start":{"line":117,"column":6},"end":{"line":120,"column":7}},{"start":{},"end":{}}]},"8":{"loc":{"start":{"line":123,"column":6},"end":{"line":127,"column":7}},"type":"if","locations":[{"start":{"line":123,"column":6},"end":{"line":127,"column":7}},{"start":{"line":125,"column":13},"end":{"line":127,"column":7}}]},"9":{"loc":{"start":{"line":123,"column":10},"end":{"line":123,"column":65}},"type":"binary-expr","locations":[{"start":{"line":123,"column":10},"end":{"line":123,"column":21}},{"start":{"line":123,"column":25},"end":{"line":123,"column":65}}]},"10":{"loc":{"start":{"line":131,"column":6},"end":{"line":133,"column":7}},"type":"if","locations":[{"start":{"line":131,"column":6},"end":{"line":133,"column":7}},{"start":{},"end":{}}]},"11":{"loc":{"start":{"line":135,"column":6},"end":{"line":140,"column":7}},"type":"if","locations":[{"start":{"line":135,"column":6},"end":{"line":140,"column":7}},{"start":{},"end":{}}]},"12":{"loc":{"start":{"line":136,"column":8},"end":{"line":138,"column":9}},"type":"if","locations":[{"start":{"line":136,"column":8},"end":{"line":138,"column":9}},{"start":{},"end":{}}]},"13":{"loc":{"start":{"line":147,"column":26},"end":{"line":147,"column":78}},"type":"cond-expr","locations":[{"start":{"line":147,"column":53},"end":{"line":147,"column":61}},{"start":{"line":147,"column":64},"end":{"line":147,"column":78}}]},"14":{"loc":{"start":{"line":155,"column":6},"end":{"line":161,"column":7}},"type":"if","locations":[{"start":{"line":155,"column":6},"end":{"line":161,"column":7}},{"start":{"line":158,"column":13},"end":{"line":161,"column":7}}]},"15":{"loc":{"start":{"line":155,"column":10},"end":{"line":155,"column":65}},"type":"binary-expr","locations":[{"start":{"line":155,"column":10},"end":{"line":155,"column":21}},{"start":{"line":155,"column":25},"end":{"line":155,"column":65}}]},"16":{"loc":{"start":{"line":157,"column":15},"end":{"line":157,"column":104}},"type":"binary-expr","locations":[{"start":{"line":157,"column":15},"end":{"line":157,"column":32}},{"start":{"line":157,"column":36},"end":{"line":157,"column":51}},{"start":{"line":157,"column":55},"end":{"line":157,"column":104}}]},"17":{"loc":{"start":{"line":160,"column":15},"end":{"line":160,"column":77}},"type":"binary-expr","locations":[{"start":{"line":160,"column":15},"end":{"line":160,"column":24}},{"start":{"line":160,"column":28},"end":{"line":160,"column":77}}]},"18":{"loc":{"start":{"line":176,"column":4},"end":{"line":176,"column":27}},"type":"default-arg","locations":[{"start":{"line":176,"column":22},"end":{"line":176,"column":27}}]},"19":{"loc":{"start":{"line":177,"column":4},"end":{"line":177,"column":47}},"type":"default-arg","locations":[{"start":{"line":177,"column":45},"end":{"line":177,"column":47}}]},"20":{"loc":{"start":{"line":180,"column":15},"end":{"line":180,"column":69}},"type":"cond-expr","locations":[{"start":{"line":180,"column":39},"end":{"line":180,"column":59}},{"start":{"line":180,"column":62},"end":{"line":180,"column":69}}]},"21":{"loc":{"start":{"line":246,"column":8},"end":{"line":256,"column":9}},"type":"if","locations":[{"start":{"line":246,"column":8},"end":{"line":256,"column":9}},{"start":{"line":252,"column":15},"end":{"line":256,"column":9}}]},"22":{"loc":{"start":{"line":247,"column":26},"end":{"line":250,"column":86}},"type":"binary-expr","locations":[{"start":{"line":247,"column":26},"end":{"line":247,"column":54}},{"start":{"line":248,"column":25},"end":{"line":248,"column":51}},{"start":{"line":249,"column":25},"end":{"line":249,"column":38}},{"start":{"line":250,"column":25},"end":{"line":250,"column":86}}]},"23":{"loc":{"start":{"line":252,"column":15},"end":{"line":256,"column":9}},"type":"if","locations":[{"start":{"line":252,"column":15},"end":{"line":256,"column":9}},{"start":{"line":254,"column":15},"end":{"line":256,"column":9}}]},"24":{"loc":{"start":{"line":255,"column":30},"end":{"line":255,"column":77}},"type":"binary-expr","locations":[{"start":{"line":255,"column":30},"end":{"line":255,"column":43}},{"start":{"line":255,"column":47},"end":{"line":255,"column":77}}]}},"s":{"0":0,"1":0,"2":0,"3":0,"4":0,"5":0,"6":0,"7":0,"8":0,"9":0,"10":0,"11":0,"12":0,"13":0,"14":0,"15":0,"16":0,"17":0,"18":0,"19":0,"20":0,"21":0,"22":0,"23":0,"24":0,"25":0,"26":0,"27":0,"28":0,"29":0,"30":0,"31":0,"32":0,"33":0,"34":0,"35":0,"36":0,"37":0,"38":0,"39":0,"40":0,"41":0,"42":0,"43":0,"44":0,"45":0,"46":0,"47":0,"48":0,"49":0,"50":0,"51":0,"52":0,"53":0,"54":0,"55":0,"56":0,"57":0,"58":0,"59":0,"60":0,"61":0,"62":0,"63":0,"64":0,"65":0,"66":0,"67":0,"68":0,"69":0,"70":0,"71":0,"72":0,"73":0,"74":0,"75":0,"76":0,"77":0,"78":0,"79":0,"80":0,"81":0,"82":0,"83":0,"84":0,"85":0},"f":{"0":0,"1":0,"2":0,"3":0,"4":0,"5":0,"6":0,"7":0,"8":0,"9":0,"10":0,"11":0,"12":0,"13":0,"14":0,"15":0,"16":0,"17":0,"18":0,"19":0,"20":0,"21":0,"22":0,"23":0,"24":0,"25":0,"26":0,"27":0,"28":0,"29":0},"b":{"0":[0,0],"1":[0,0],"2":[0,0],"3":[0],"4":[0],"5":[0,0],"6":[0,0],"7":[0,0],"8":[0,0],"9":[0,0],"10":[0,0],"11":[0,0],"12":[0,0],"13":[0,0],"14":[0,0],"15":[0,0],"16":[0,0,0],"17":[0,0],"18":[0],"19":[0],"20":[0,0],"21":[0,0],"22":[0,0,0,0],"23":[0,0],"24":[0,0]}}
,"/Users/mirkovitale/Desktop/task/task-tracker-fe/utils/repository/TaskRepositoryImpl.ts": {"path":"/Users/mirkovitale/Desktop/task/task-tracker-fe/utils/repository/TaskRepositoryImpl.ts","statementMap":{"0":{"start":{"line":4,"column":31},"end":{"line":4,"column":53}},"1":{"start":{"line":7,"column":4},"end":{"line":7,"column":49}},"2":{"start":{"line":11,"column":4},"end":{"line":11,"column":54}},"3":{"start":{"line":15,"column":4},"end":{"line":15,"column":62}},"4":{"start":{"line":19,"column":4},"end":{"line":19,"column":55}},"5":{"start":{"line":23,"column":4},"end":{"line":23,"column":64}},"6":{"start":{"line":3,"column":0},"end":{"line":3,"column":13}}},"fnMap":{"0":{"name":"(anonymous_0)","decl":{"start":{"line":4,"column":2},"end":{"line":4,"column":31}},"loc":{"start":{"line":4,"column":53},"end":{"line":4,"column":57}}},"1":{"name":"(anonymous_1)","decl":{"start":{"line":6,"column":2},"end":{"line":6,"column":7}},"loc":{"start":{"line":6,"column":16},"end":{"line":8,"column":3}}},"2":{"name":"(anonymous_2)","decl":{"start":{"line":10,"column":2},"end":{"line":10,"column":7}},"loc":{"start":{"line":10,"column":42},"end":{"line":12,"column":3}}},"3":{"name":"(anonymous_3)","decl":{"start":{"line":14,"column":2},"end":{"line":14,"column":7}},"loc":{"start":{"line":14,"column":31},"end":{"line":16,"column":3}}},"4":{"name":"(anonymous_4)","decl":{"start":{"line":18,"column":2},"end":{"line":18,"column":7}},"loc":{"start":{"line":18,"column":29},"end":{"line":20,"column":3}}},"5":{"name":"(anonymous_5)","decl":{"start":{"line":22,"column":2},"end":{"line":22,"column":7}},"loc":{"start":{"line":22,"column":53},"end":{"line":24,"column":3}}}},"branchMap":{},"s":{"0":0,"1":0,"2":0,"3":0,"4":0,"5":0,"6":0},"f":{"0":0,"1":0,"2":0,"3":0,"4":0,"5":0},"b":{}}
,"/Users/mirkovitale/Desktop/task/task-tracker-fe/utils/validators/TaskValidator.ts": {"path":"/Users/mirkovitale/Desktop/task/task-tracker-fe/utils/validators/TaskValidator.ts","statementMap":{"0":{"start":{"line":4,"column":38},"end":{"line":4,"column":39}},"1":{"start":{"line":5,"column":38},"end":{"line":5,"column":41}},"2":{"start":{"line":6,"column":44},"end":{"line":6,"column":45}},"3":{"start":{"line":7,"column":44},"end":{"line":7,"column":47}},"4":{"start":{"line":10,"column":29},"end":{"line":10,"column":31}},"5":{"start":{"line":11,"column":25},"end":{"line":11,"column":37}},"6":{"start":{"line":13,"column":4},"end":{"line":19,"column":5}},"7":{"start":{"line":14,"column":6},"end":{"line":14,"column":39}},"8":{"start":{"line":15,"column":11},"end":{"line":19,"column":5}},"9":{"start":{"line":16,"column":6},"end":{"line":16,"column":80}},"10":{"start":{"line":17,"column":11},"end":{"line":19,"column":5}},"11":{"start":{"line":18,"column":6},"end":{"line":18,"column":77}},"12":{"start":{"line":21,"column":4},"end":{"line":24,"column":6}},"13":{"start":{"line":28,"column":29},"end":{"line":28,"column":31}},"14":{"start":{"line":29,"column":31},"end":{"line":29,"column":49}},"15":{"start":{"line":31,"column":4},"end":{"line":37,"column":5}},"16":{"start":{"line":32,"column":6},"end":{"line":36,"column":7}},"17":{"start":{"line":33,"column":8},"end":{"line":33,"column":94}},"18":{"start":{"line":34,"column":13},"end":{"line":36,"column":7}},"19":{"start":{"line":35,"column":8},"end":{"line":35,"column":91}},"20":{"start":{"line":39,"column":4},"end":{"line":42,"column":6}},"21":{"start":{"line":46,"column":28},"end":{"line":46,"column":58}},"22":{"start":{"line":47,"column":34},"end":{"line":47,"column":76}},"23":{"start":{"line":49,"column":22},"end":{"line":52,"column":6}},"24":{"start":{"line":54,"column":4},"end":{"line":57,"column":6}},"25":{"start":{"line":3,"column":0},"end":{"line":3,"column":13}}},"fnMap":{"0":{"name":"(anonymous_0)","decl":{"start":{"line":9,"column":2},"end":{"line":9,"column":15}},"loc":{"start":{"line":9,"column":29},"end":{"line":25,"column":3}}},"1":{"name":"(anonymous_1)","decl":{"start":{"line":27,"column":2},"end":{"line":27,"column":21}},"loc":{"start":{"line":27,"column":41},"end":{"line":43,"column":3}}},"2":{"name":"(anonymous_2)","decl":{"start":{"line":45,"column":2},"end":{"line":45,"column":14}},"loc":{"start":{"line":45,"column":38},"end":{"line":58,"column":3}}}},"branchMap":{"0":{"loc":{"start":{"line":13,"column":4},"end":{"line":19,"column":5}},"type":"if","locations":[{"start":{"line":13,"column":4},"end":{"line":19,"column":5}},{"start":{"line":15,"column":11},"end":{"line":19,"column":5}}]},"1":{"loc":{"start":{"line":15,"column":11},"end":{"line":19,"column":5}},"type":"if","locations":[{"start":{"line":15,"column":11},"end":{"line":19,"column":5}},{"start":{"line":17,"column":11},"end":{"line":19,"column":5}}]},"2":{"loc":{"start":{"line":17,"column":11},"end":{"line":19,"column":5}},"type":"if","locations":[{"start":{"line":17,"column":11},"end":{"line":19,"column":5}},{"start":{},"end":{}}]},"3":{"loc":{"start":{"line":31,"column":4},"end":{"line":37,"column":5}},"type":"if","locations":[{"start":{"line":31,"column":4},"end":{"line":37,"column":5}},{"start":{},"end":{}}]},"4":{"loc":{"start":{"line":32,"column":6},"end":{"line":36,"column":7}},"type":"if","locations":[{"start":{"line":32,"column":6},"end":{"line":36,"column":7}},{"start":{"line":34,"column":13},"end":{"line":36,"column":7}}]},"5":{"loc":{"start":{"line":34,"column":13},"end":{"line":36,"column":7}},"type":"if","locations":[{"start":{"line":34,"column":13},"end":{"line":36,"column":7}},{"start":{},"end":{}}]}},"s":{"0":0,"1":0,"2":0,"3":0,"4":0,"5":0,"6":0,"7":0,"8":0,"9":0,"10":0,"11":0,"12":0,"13":0,"14":0,"15":0,"16":0,"17":0,"18":0,"19":0,"20":0,"21":0,"22":0,"23":0,"24":0,"25":0},"f":{"0":0,"1":0,"2":0},"b":{"0":[0,0],"1":[0,0],"2":[0,0],"3":[0,0],"4":[0,0],"5":[0,0]}}
}
